#
# menu.lst
#

#graphicsmode -1 800 600
graphicsmode -1 640 480
#splashimage /splash.bmp.gz
splashimage /splash.jpg
timeout 15
default 0

title #distrodesc#
  kernel /vmlinuz    pmedia=cd
  initrd /initrd.gz

title #distrodesc# (Don't copy SFS files to RAM)\nIf you want more RAM available
  kernel /vmlinuz    pmedia=cd pfix=fsck,nocopy
  initrd /initrd.gz

title #distrodesc# (xorgwizard)\nForce xorgwizard (if you are having problems booting puppy)...
  kernel /vmlinuz    pmedia=cd pfix=xorgwizard
  initrd /initrd.gz

title #distrodesc# (No X)\nBoot to console..
  kernel /vmlinuz    pmedia=cd pfix=nox
  initrd /initrd.gz

title #distrodesc# (No KMS)\nNo Kernel Mode Setting
  kernel /vmlinuz    pmedia=cd nomodeset
  initrd /initrd.gz

title #distrodesc# (Safe mode, no X)\nTry 'xorgwizard' after bootup succeed to start graphic mode.
  kernel /vmlinuz    pmedia=cd pfix=ram,nox acpi=off apm=off nosmp noapic
  initrd /initrd.gz
  
title #distrodesc# (RAM only - no pupsave)\nBoot up Puppy without pupsave
  kernel /vmlinuz    pmedia=cd pfix=ram
  initrd /initrd.gz

title #distrodesc# (rdsh)\nExecute 'init' then dropout to prompt in initramfs
  kernel /vmlinuz    pmedia=cd pfix=rdsh
  initrd /initrd.gz

title
  root

title Help - Puppy Boot Params
  configfile /menu_puppy_help.lst

title
  root
  
# Boot from Partition Boot Sector

title Boot first hard drive (hd0,0)
  root (hd0,0)
  chainloader +1 || chainloader /grldr

title
  root

# additionals

title Grub4Dos commandline\n(for experts only)
  commandline

title Reboot computer
  reboot

title Halt computer
  halt

